ISim log file
Running: Z:\comp3601\nexys_demo_simple\fsm_test_isim_beh.exe -intstyle ise -gui -tclbatch isim.cmd -wdb Z:/comp3601/nexys_demo_simple/fsm_test_isim_beh.wdb 
ISim P.20131013 (signature 0x7708f090)
----------------------------------------------------------------------
INFO:Security:50 - The XILINXD_LICENSE_FILE environment variable is set to '27000@louie.cse.unsw.edu.au'.
INFO:Security:53 - The LM_LICENSE_FILE environment variable is not set.
WARNING:Security:43 - No license file was found in the standard Xilinx license directory.
WARNING:Security:44 - Since no license file was found,
       please run the Xilinx License Configuration Manager
       (xlcm or "Manage Xilinx Licenses")
       to assist in obtaining a license.
WARNING:Security:42 - Your software subscription period has lapsed. Your current version of Xilinx tools will continue to function, but you no longer qualify for Xilinx software updates or new releases.


----------------------------------------------------------------------
This is a Full version of ISim.
Time resolution is 1 ps
# onerror resume
# wave add /
# run 1000 ns
Simulator is doing circuit initialization process.
Finished circuit initialization process.
# restart
# run all
Simulator is doing circuit initialization process.
Finished circuit initialization process.
Stopped at time : 55290365 ns : File "//vmware-host/Shared Folders/home/comp3601/nexys_demo_simple/fsm_test.vhd" Line 84
# restart
# run all
Simulator is doing circuit initialization process.
Finished circuit initialization process.
Stopped at time : 22480100 ns : File "//vmware-host/Shared Folders/home/comp3601/nexys_demo_simple/fsm_test.vhd" Line 82
